<?xml version="1.1" encoding="UTF-8" standalone="no"?>
<databaseChangeLog xmlns="http://www.liquibase.org/xml/ns/dbchangelog"
                   xmlns:ext="http://www.liquibase.org/xml/ns/dbchangelog-ext"
                   xmlns:xsi="http://www.w3.org/2001/XMLSchema-instance" xsi:schemaLocation="http://www.liquibase.org/xml/ns/dbchangelog http://www.liquibase.org/xml/ns/dbchangelog/dbchangelog-3.5.xsd
                   http://www.liquibase.org/xml/ns/dbchangelog-ext http://www.liquibase.org/xml/ns/dbchangelog/dbchangelog-ext.xsd">

    <include file="postgres\changelog\testdata\codeListStatus.xml" context="test" />
    <include file="postgres\changelog\testdata\testData.xml" context="test" />
<!--    <include file="postgres\changelog\testdata\mdrFaoSpeciesTestData.xml" context="test" />
    <include file="postgres\changelog\testdata\mdrLocationTestData.xml" context="test" />
    <include file="postgres\changelog\testdata\mdrIcesRecatanglesTestData.xml" context="test" />-->

</databaseChangeLog>