<?xml version="1.0" encoding="UTF-8"?>
<persistence xmlns="http://java.sun.com/xml/ns/persistence"
             xmlns:xsi="http://www.w3.org/2001/XMLSchema-instance"
             xsi:schemaLocation="http://java.sun.com/xml/ns/persistence http://java.sun.com/xml/ns/persistence/persistence_2_0.xsd"
             version="2.0">

    <persistence-unit name="mdrPUPostgres" transaction-type="JTA">
        <provider>org.hibernate.jpa.HibernatePersistenceProvider</provider>
        <jta-data-source>java:jboss/datasources/uvms_mdr</jta-data-source>
        <properties>
            <property name="connection.driver_class" value="org.postgresql.Driver" />
            <property name="hibernate.dialect" value="org.hibernate.dialect.PostgreSQL94Dialect"/>
            <property name="hibernate.default_schema" value="mdr"/>
            <property name="show_sql" value="false" />
            <property name="format_sql" value="false" />
            <property name="use_sql_comments" value="true" />
            <!--HIBERNATE SEARCH PROPS-->
            <property name="hibernate.search.default.directory_provider"  value="filesystem"/>
            <property name="hibernate.search.default.indexBase"  value="${lucene.index.directory}"/>
            <property name="hibernate.hbm2ddl.auto" value="update" />
        </properties>
    </persistence-unit>

    <persistence-unit name="mdrConfig" transaction-type="JTA">
        <provider>org.hibernate.jpa.HibernatePersistenceProvider</provider>
        <jta-data-source>jdbc/uvms_config</jta-data-source>
        <class>eu.europa.ec.fisheries.uvms.config.service.entity.Parameter</class>
        <properties>
            <property name="hibernate.dialect" value="org.hibernate.dialect.PostgreSQL94Dialect"/>
        </properties>
    </persistence-unit>

</persistence>

